<?xml version="1.0" encoding="UTF-8"?>
<!-- Generated by org.testng.reporters.JUnitReportReporter -->
<testsuite hostname="LAPTOP-BGN2SO95" failures="0" tests="1" name="cucumberOptions.TestRunner" time="15.803" errors="0" timestamp="2024-04-01T13:00:05 IST" skipped="0">
  <testcase classname="cucumberOptions.TestRunner" name="runScenario" time="15.803"/>
  <system-out/>
</testsuite> <!-- cucumberOptions.TestRunner -->
